
/home/runner/work/exp-packet-switching-setup-iitr/exp-packet-switching-setup-iitr/experiment/simulation/js/animation.js
  405:10  error  Parsing error: Identifier 'myMove_D4_S4' has already been declared

/home/runner/work/exp-packet-switching-setup-iitr/exp-packet-switching-setup-iitr/experiment/simulation/js/script.js
    28:5   warning  'tippy' is not defined               no-undef
    34:5   warning  'tippy' is not defined               no-undef
    40:5   warning  'tippy' is not defined               no-undef
    46:5   warning  'tippy' is not defined               no-undef
    52:5   warning  'tippy' is not defined               no-undef
    58:5   warning  'tippy' is not defined               no-undef
    64:5   warning  'tippy' is not defined               no-undef
    92:5   warning  'tippy' is not defined               no-undef
   119:5   warning  'tippy' is not defined               no-undef
   170:1   warning  'tippy' is not defined               no-undef
   197:1   warning  'tippy' is not defined               no-undef
   224:10  warning  'start' is defined but never used    no-unused-vars
   228:41  warning  'Swal' is not defined                no-undef
   263:11  warning  'Swal' is not defined                no-undef
   268:11  warning  'Swal' is not defined                no-undef
   337:9   warning  'Swal' is not defined                no-undef
   355:19  warning  'myMove_D1_S1' is not defined        no-undef
   359:19  warning  'myMove_S1_S3' is not defined        no-undef
   363:19  warning  'myMove_S3_S4' is not defined        no-undef
   367:19  warning  'myMove_S4_D4' is not defined        no-undef
   372:19  warning  'Swal' is not defined                no-undef
   426:25  warning  'alert_terminate' is not defined     no-undef
   488:9   warning  'Swal' is not defined                no-undef
   506:19  warning  'myMove_D4_S4' is not defined        no-undef
   510:19  warning  'myMove_S4_S3' is not defined        no-undef
   514:19  warning  'myMove_S3_S1' is not defined        no-undef
   517:19  warning  'myMove_S1_D1' is not defined        no-undef
   522:19  warning  'Swal' is not defined                no-undef
   575:25  warning  'alert_terminate' is not defined     no-undef
   634:11  warning  'Swal' is not defined                no-undef
   652:21  warning  'myMove_D1_S1' is not defined        no-undef
   655:21  warning  'myMove_S1_S3' is not defined        no-undef
   658:21  warning  'myMove_S3_D5' is not defined        no-undef
   663:21  warning  'Swal' is not defined                no-undef
   707:17  warning  'alert_terminate' is not defined     no-undef
   758:11  warning  'Swal' is not defined                no-undef
   775:21  warning  'myMove_D5_S3' is not defined        no-undef
   781:21  warning  'myMove_S3_S1' is not defined        no-undef
   785:21  warning  'myMove_S1_D1' is not defined        no-undef
   789:21  warning  'Swal' is not defined                no-undef
   834:27  warning  'alert_terminate' is not defined     no-undef
   905:9   warning  'Swal' is not defined                no-undef
   923:21  warning  'myMove_D1_S1' is not defined        no-undef
   926:21  warning  'myMove_S1_S3' is not defined        no-undef
   929:21  warning  'myMove_S3_S5' is not defined        no-undef
   932:21  warning  'myMove_S5_D6' is not defined        no-undef
   938:19  warning  'Swal' is not defined                no-undef
   992:25  warning  'alert_terminate' is not defined     no-undef
  1054:9   warning  'Swal' is not defined                no-undef
  1072:17  warning  'myMove_D6_S5' is not defined        no-undef
  1076:17  warning  'myMove_S5_S3' is not defined        no-undef
  1082:17  warning  'myMove_S3_S1' is not defined        no-undef
  1086:17  warning  'myMove_S1_D1' is not defined        no-undef
  1091:19  warning  'Swal' is not defined                no-undef
  1145:25  warning  'alert_terminate' is not defined     no-undef
  1214:9   warning  'Swal' is not defined                no-undef
  1232:21  warning  'myMove_D1_S1' is not defined        no-undef
  1235:21  warning  'myMove_S1_S3' is not defined        no-undef
  1238:21  warning  'myMove_S3_S2' is not defined        no-undef
  1241:21  warning  'myMove_S2_D3' is not defined        no-undef
  1247:19  warning  'Swal' is not defined                no-undef
  1301:25  warning  'alert_terminate' is not defined     no-undef
  1362:9   warning  'Swal' is not defined                no-undef
  1380:9   warning  'myMove_D3_S2' is not defined        no-undef
  1384:9   warning  'myMove_S2_S3' is not defined        no-undef
  1390:9   warning  'myMove_S3_S1' is not defined        no-undef
  1394:9   warning  'myMove_S1_D1' is not defined        no-undef
  1399:19  warning  'Swal' is not defined                no-undef
  1452:25  warning  'alert_terminate' is not defined     no-undef
  1510:9   warning  'Swal' is not defined                no-undef
  1528:21  warning  'myMove_D1_S1' is not defined        no-undef
  1531:21  warning  'myMove_S1_S3' is not defined        no-undef
  1538:21  warning  'myMove_S3_D2' is not defined        no-undef
  1543:19  warning  'Swal' is not defined                no-undef
  1587:25  warning  'alert_terminate' is not defined     no-undef
  1639:9   warning  'Swal' is not defined                no-undef
  1657:13  warning  'myMove_D2_S3' is not defined        no-undef
  1663:13  warning  'myMove_S3_S1' is not defined        no-undef
  1667:13  warning  'myMove_S1_D1' is not defined        no-undef
  1672:19  warning  'Swal' is not defined                no-undef
  1718:25  warning  'alert_terminate' is not defined     no-undef
  1756:11  warning  'Swal' is not defined                no-undef
  1785:21  warning  'Swal' is not defined                no-undef
  1845:21  warning  'Swal' is not defined                no-undef
  1864:26  warning  'myMove_D3_S2' is not defined        no-undef
  1868:29  warning  'myMove_S2_S3' is not defined        no-undef
  1877:29  warning  'myMove_S3_D2_error' is not defined  no-undef
  1887:29  warning  'Swal' is not defined                no-undef
  1924:27  warning  'Swal' is not defined                no-undef
  1995:9   warning  'Swal' is not defined                no-undef
  2013:21  warning  'myMove_D2_S3' is not defined        no-undef
  2018:21  warning  'myMove_S3_S4' is not defined        no-undef
  2022:21  warning  'myMove_S4_D4' is not defined        no-undef
  2027:19  warning  'Swal' is not defined                no-undef
  2074:25  warning  'alert_terminate' is not defined     no-undef
  2111:11  warning  'Swal' is not defined                no-undef
  2140:21  warning  'Swal' is not defined                no-undef
  2195:11  warning  'Swal' is not defined                no-undef
  2214:21  warning  'myMove_D2_S3' is not defined        no-undef
  2219:21  warning  'myMove_S3_D5' is not defined        no-undef
  2224:21  warning  'Swal' is not defined                no-undef
  2261:17  warning  'alert_terminate' is not defined     no-undef
  2304:11  warning  'Swal' is not defined                no-undef
  2322:23  warning  'myMove_D5_S3' is not defined        no-undef
  2330:23  warning  'myMove_S3_D2' is not defined        no-undef
  2335:21  warning  'Swal' is not defined                no-undef
  2371:27  warning  'alert_terminate' is not defined     no-undef
  2434:9   warning  'Swal' is not defined                no-undef
  2452:21  warning  'myMove_D2_S3' is not defined        no-undef
  2457:21  warning  'myMove_S3_S5' is not defined        no-undef
  2460:21  warning  'myMove_S5_D6' is not defined        no-undef
  2465:19  warning  'Swal' is not defined                no-undef
  2512:25  warning  'alert_terminate' is not defined     no-undef
  2565:9   warning  'Swal' is not defined                no-undef
  2583:21  warning  'myMove_D6_S5' is not defined        no-undef
  2586:21  warning  'myMove_S5_S3' is not defined        no-undef
  2594:21  warning  'myMove_S3_D2' is not defined        no-undef
  2599:19  warning  'Swal' is not defined                no-undef
  2645:25  warning  'alert_terminate' is not defined     no-undef
  2711:11  warning  'Swal' is not defined                no-undef
  2729:21  warning  'myMove_D3_S2' is not defined        no-undef
  2732:21  warning  'myMove_S2_S3' is not defined        no-undef
  2740:21  warning  'myMove_S3_S4_error' is not defined  no-undef
  2750:21  warning  'Swal' is not defined                no-undef
  2798:27  warning  'Swal' is not defined                no-undef
  2869:7   warning  'Swal' is not defined                no-undef
  2887:21  warning  'myMove_D4_S4' is not defined        no-undef
  2891:21  warning  'myMove_S4_S3' is not defined        no-undef
  2897:21  warning  'myMove_S3_S2' is not defined        no-undef
  2901:21  warning  'myMove_S2_D3' is not defined        no-undef
  2906:17  warning  'Swal' is not defined                no-undef
  2958:23  warning  'alert_terminate' is not defined     no-undef
  3015:11  warning  'Swal' is not defined                no-undef
  3033:21  warning  'myMove_D3_S2' is not defined        no-undef
  3036:21  warning  'myMove_S2_S3' is not defined        no-undef
  3044:21  warning  'myMove_S3_D5' is not defined        no-undef
  3049:21  warning  'Swal' is not defined                no-undef
  3093:17  warning  'alert_terminate' is not defined     no-undef
  3146:9   warning  'Swal' is not defined                no-undef
  3164:21  warning  'myMove_D5_S3' is not defined        no-undef
  3173:21  warning  'myMove_S3_S2' is not defined        no-undef
  3177:21  warning  'myMove_S2_D3' is not defined        no-undef
  3183:19  warning  'Swal' is not defined                no-undef
  3229:25  warning  'alert_terminate' is not defined     no-undef
  3298:9   warning  'Swal' is not defined                no-undef
  3316:21  warning  'myMove_D3_S2' is not defined        no-undef
  3320:21  warning  'myMove_S2_S3' is not defined        no-undef
  3326:21  warning  'myMove_S3_S5' is not defined        no-undef
  3330:21  warning  'myMove_S5_D6' is not defined        no-undef
  3337:19  warning  'Swal' is not defined                no-undef
  3391:25  warning  'alert_terminate' is not defined     no-undef
  3452:9   warning  'Swal' is not defined                no-undef
  3470:21  warning  'myMove_D6_S5' is not defined        no-undef
  3474:21  warning  'myMove_S5_S3' is not defined        no-undef
  3480:21  warning  'myMove_S3_S2' is not defined        no-undef
  3484:21  warning  'myMove_S2_D3' is not defined        no-undef
  3490:19  warning  'Swal' is not defined                no-undef
  3544:25  warning  'alert_terminate' is not defined     no-undef
  3603:11  warning  'Swal' is not defined                no-undef
  3621:21  warning  'myMove_D4_S4' is not defined        no-undef
  3624:21  warning  'myMove_S4_S3' is not defined        no-undef
  3629:21  warning  'myMove_S3_D5' is not defined        no-undef
  3634:21  warning  'Swal' is not defined                no-undef
  3677:17  warning  'alert_terminate' is not defined     no-undef
  3727:9   warning  'Swal' is not defined                no-undef
  3745:21  warning  'myMove_D5_S3' is not defined        no-undef
  3754:21  warning  'myMove_S3_S4' is not defined        no-undef
  3758:21  warning  'myMove_S4_D4' is not defined        no-undef
  3763:19  warning  'Swal' is not defined                no-undef
  3809:25  warning  'alert_terminate' is not defined     no-undef
  3880:11  warning  'Swal' is not defined                no-undef
  3898:21  warning  'myMove_D4_S4' is not defined        no-undef
  3902:21  warning  'myMove_S4_S3' is not defined        no-undef
  3908:21  warning  'myMove_S3_S5' is not defined        no-undef
  3919:21  warning  'Swal' is not defined                no-undef
  3936:29  warning  'myMove_D4_S4' is not defined        no-undef
  3940:29  warning  'myMove_S4_S3' is not defined        no-undef
  3946:29  warning  'myMove_S3_S5' is not defined        no-undef
  3951:27  warning  'Swal' is not defined                no-undef
  3998:31  warning  'alert_terminate' is not defined     no-undef
  4063:11  warning  'Swal' is not defined                no-undef
  4081:21  warning  'myMove_D6_S5' is not defined        no-undef
  4085:21  warning  'myMove_S5_S3' is not defined        no-undef
  4094:21  warning  'myMove_S3_S4' is not defined        no-undef
  4098:21  warning  'myMove_S4_D4' is not defined        no-undef
  4103:21  warning  'Swal' is not defined                no-undef
  4155:17  warning  'alert_terminate' is not defined     no-undef
  4215:11  warning  'Swal' is not defined                no-undef
  4233:21  warning  'myMove_D5_S3' is not defined        no-undef
  4239:21  warning  'myMove_S3_S5' is not defined        no-undef
  4250:21  warning  'Swal' is not defined                no-undef
  4266:27  warning  'myMove_D5_S3' is not defined        no-undef
  4272:27  warning  'myMove_S3_S5' is not defined        no-undef
  4276:27  warning  'Swal' is not defined                no-undef
  4318:31  warning  'alert_terminate' is not defined     no-undef
  4375:9   warning  'Swal' is not defined                no-undef
  4393:13  warning  'myMove_D6_S5' is not defined        no-undef
  4397:13  warning  'myMove_S5_S3' is not defined        no-undef
  4402:13  warning  'myMove_S3_D5' is not defined        no-undef
  4408:19  warning  'Swal' is not defined                no-undef
  4455:25  warning  'alert_terminate' is not defined     no-undef

✖ 202 problems (1 error, 201 warnings)

